=== Applying close-out payload ===
Source: ../PRDs/product/crmbuilder-v2/close-out-payloads/ses_083.json
Label:  PI-004 first slice — `field` methodology entity type end-to-end (migration, access, REST, UI, tests). First of the four PI-004 sibling builds (others: requirement, manual_config, test_spec). WT-050 consumed. Migration 0014 adds the fields table (with a `field_previous_parent_entity_identifier` stash column supporting the §3.4.6 soft-delete/restore atomicity story) and extends refs/change_log CHECKs; access/repositories/field.py + Field model + FIELD_STATUSES/FIELD_TYPES vocab + field_belongs_to_entity reference kind + _kinds_for_pair clause + access-layer cardinality guards on references-repo (POST 2nd-edge / DELETE only-edge); eight REST endpoints with atomic-POST; eight ui/client.py methods; Fields sidebar entry at Methodology position #6 (re-keyed from spec's planned #5 because persona shipped first); FieldsPanel + dialogs (Create includes parent-entity picker; Edit shows parent read-only); 41 new tests. PI-004 is ADDRESSED (not resolved) — resolution waits for the last sibling per DEC-232 / SES-074 build-closure pattern. Identifier re-keying: spec's planned DEC-246..251 / PI-053..059 / SES-079 are claimed by parallel-sandbox or unapplied-staged work; this build uses DEC-268..273 / PI-054..060 / SES-083.
Deposit event: DEP-065

=== session (1 record) ===
  ✓ POST session  SES-083 (HTTP 201)

=== conversation (1 record) ===
  ✓ POST conversation  CONV-053 (HTTP 201)

=== planning_items (7 records) ===
  ✓ POST planning_items  PI-054 (HTTP 201)
  ✓ POST planning_items  PI-055 (HTTP 201)
  ✓ POST planning_items  PI-056 (HTTP 201)
  ✓ POST planning_items  PI-057 (HTTP 201)
  ✓ POST planning_items  PI-058 (HTTP 201)
  ✓ POST planning_items  PI-059 (HTTP 201)
  ✓ POST planning_items  PI-060 (HTTP 201)

=== commits (1 record) ===
  ✓ POST commits  <unidentified record> (HTTP 201)

=== decisions (6 records) ===
  ✓ POST decisions  DEC-268 (HTTP 201)
  ✓ POST decisions  DEC-269 (HTTP 201)
  ✓ POST decisions  DEC-270 (HTTP 201)
  ✓ POST decisions  DEC-271 (HTTP 201)
  ✓ POST decisions  DEC-272 (HTTP 201)
  ✓ POST decisions  DEC-273 (HTTP 201)

=== references (3 records) ===
  ✓ POST references  SES-083 is_about PI-004 (HTTP 201)
  ✓ POST references  SES-083 is_about SES-081 (HTTP 201)
  ✓ POST references  SES-083 is_about WT-050 (HTTP 201)

=== addresses_planning_items (1 record) ===
  ✓ POST addresses_planning_items  → PI-004 (HTTP 201)

✓ All 20 operations complete.

✓ Recorded apply as deposit_event DEP-065 (HTTP 201).
