=== Applying close-out payload ===
Source: ../PRDs/product/crmbuilder-v2/close-out-payloads/ses_089.json
Label:  Architecture review session: consolidate V1+V2 CRMBuilder documentation under a single Master CRMBuilder PRD at the new specifications/ directory; adopt MD-format-for-internal-docs rule; establish CRMBuilder dogfood as first client and CBM as validation; adopt discovery-driven authoring; establish a three-category conceptual model (Process Management Tools/Data, Deliverables, Process Support Knowledge/Tools); redesign Phase 1 as client-led intake; create glossary.md with five terms (Engagement, Skill, Pattern, Inventory, Client); surface 13 Planning Items covering V2 architectural cleanup (Session/Conversation entity restructure, cross-engagement reference store, client-input storage, engagement-setup and skill-trigger mechanisms, library buildouts, tooling, manifest, iterative drafting, header retirement, glossary V2 migration); record ten architectural Decisions (nine on consolidation direction; one on the sandbox close-out identifier-capture protocol surfaced by TWO rounds of mid-session identifier collision and recovery — initial SES-085→SES-087 after PI-004 manual_config/test_spec parallel applies, then SES-087→SES-089 after PI-052 Slice A and PI-005 parallel applies during amendment authoring).
Deposit event: DEP-075

=== session (1 record) ===
  · POST session  SES-089 already present (HTTP 409) — skipping

=== conversation (1 record) ===
  · POST conversation  CONV-059 already present (HTTP 409) — skipping

=== planning_items (13 records) ===
  · POST planning_items  PI-061 already present (HTTP 409) — skipping
  · POST planning_items  PI-062 already present (HTTP 409) — skipping
  · POST planning_items  PI-063 already present (HTTP 409) — skipping
  · POST planning_items  PI-064 already present (HTTP 409) — skipping
  · POST planning_items  PI-065 already present (HTTP 409) — skipping
  · POST planning_items  PI-066 already present (HTTP 409) — skipping
  · POST planning_items  PI-067 already present (HTTP 409) — skipping
  · POST planning_items  PI-068 already present (HTTP 409) — skipping
  · POST planning_items  PI-069 already present (HTTP 409) — skipping
  · POST planning_items  PI-070 already present (HTTP 409) — skipping
  · POST planning_items  PI-071 already present (HTTP 409) — skipping
  · POST planning_items  PI-072 already present (HTTP 409) — skipping
  · POST planning_items  PI-073 already present (HTTP 409) — skipping

=== commits (5 records) ===
  ✓ POST commits  <unidentified record> (HTTP 201)
  ✓ POST commits  <unidentified record> (HTTP 201)
  ✓ POST commits  <unidentified record> (HTTP 201)
  ✓ POST commits  <unidentified record> (HTTP 201)
  ✓ POST commits  <unidentified record> (HTTP 201)

=== decisions (10 records) ===
  · POST decisions  DEC-291 already present (HTTP 409) — skipping
  · POST decisions  DEC-292 already present (HTTP 409) — skipping
  · POST decisions  DEC-293 already present (HTTP 409) — skipping
  · POST decisions  DEC-294 already present (HTTP 409) — skipping
  · POST decisions  DEC-295 already present (HTTP 409) — skipping
  · POST decisions  DEC-296 already present (HTTP 409) — skipping
  · POST decisions  DEC-297 already present (HTTP 409) — skipping
  · POST decisions  DEC-298 already present (HTTP 409) — skipping
  · POST decisions  DEC-299 already present (HTTP 409) — skipping
  · POST decisions  DEC-300 already present (HTTP 409) — skipping

=== references (10 records) ===
  · POST references  DEC-291 decided_in SES-089 already present (HTTP 409) — skipping
  · POST references  DEC-292 decided_in SES-089 already present (HTTP 409) — skipping
  · POST references  DEC-293 decided_in SES-089 already present (HTTP 409) — skipping
  · POST references  DEC-294 decided_in SES-089 already present (HTTP 409) — skipping
  · POST references  DEC-295 decided_in SES-089 already present (HTTP 409) — skipping
  · POST references  DEC-296 decided_in SES-089 already present (HTTP 409) — skipping
  · POST references  DEC-297 decided_in SES-089 already present (HTTP 409) — skipping
  · POST references  DEC-298 decided_in SES-089 already present (HTTP 409) — skipping
  · POST references  DEC-299 decided_in SES-089 already present (HTTP 409) — skipping
  · POST references  DEC-300 decided_in SES-089 already present (HTTP 409) — skipping

✓ All 40 operations complete.

✓ Recorded apply as deposit_event DEP-075 (HTTP 201).
