=== Applying close-out payload ===
Source: ../PRDs/product/crmbuilder-v2/close-out-payloads/ses_136.json
Label:  SES-136 / CNV-038 close-out — PRJ-015 kickoff + first usability improvement (references rendered as an enriched sortable/filterable grid). Creates and resolves PI-113. Records three decisions (amend the unapplied 0030 migration in place; server-side reference enrichment; references-as-grid layout + columns) and two commits already on main (8421345d migration fix + PRJ-015 creation; 544a40f references grid). Belongs to Project PRJ-015.
Deposit event: DEP-130

=== conversation (1 record) ===
  ✓ POST conversation  CNV-038 (HTTP 201)

=== session (1 record) ===
  ✓ POST session  <unidentified record> (HTTP 201)

=== planning_items (1 record) ===
  ✓ POST planning_items  PI-113 (HTTP 201)

=== commits (2 records) ===

=== decisions (3 records) ===
  ✓ POST decisions  DEC-353 (HTTP 201)
  ✓ POST decisions  DEC-354 (HTTP 201)
  ✓ POST decisions  DEC-355 (HTTP 201)

=== references (5 records) ===
  ✓ POST references  CNV-038 conversation_belongs_to_project PRJ-015 (HTTP 201)
  ✓ POST references  DEC-353 decided_in CNV-038 (HTTP 201)
  ✓ POST references  DEC-354 decided_in CNV-038 (HTTP 201)
  ✓ POST references  DEC-355 decided_in CNV-038 (HTTP 201)
  ✓ POST references  SES-136 session_follows_from SES-135 (HTTP 201)

=== resolves_planning_items (1 record) ===
  ✓ POST resolves_planning_items  → PI-113 (HTTP 201)


✓ Recorded apply as deposit_event DEP-130 (HTTP 201).
