=== Applying close-out payload ===
Source: ../PRDs/product/crmbuilder-v2/close-out-payloads/ses_116.json
Label:  SES-116 / CNV-018 close-out — WS-012 orchestrator track delivered: PI-076 (area field), PI-077 (claim fields), PI-079 (ready-batches API), PI-082 (kickoff template), PI-078 (identifier reservation), PI-083 (area backfill tooling + deferred NOT NULL), PI-081 (orchestrator driver). Commits 290c37f, 61cc6e9, 743c935, 268e4a7, fbf08f3, 1866f72, f99d9ac on branch pi-076-area-field. Authors DEC-331. Resolves PI-076/077/078/079/082; addresses PI-081/083. Attaches to WS-012. Identifiers re-verify at apply time.
Deposit event: DEP-108

=== conversation (1 record) ===
  ✓ POST conversation  CNV-018 (HTTP 201)

=== session (1 record) ===
  ✓ POST session  <unidentified record> (HTTP 201)

=== commits (7 records) ===
  ✓ POST commits  <unidentified record> (HTTP 201)
  ✓ POST commits  <unidentified record> (HTTP 201)
  ✓ POST commits  <unidentified record> (HTTP 201)
  ✓ POST commits  <unidentified record> (HTTP 201)
  ✓ POST commits  <unidentified record> (HTTP 201)
  ✓ POST commits  <unidentified record> (HTTP 201)
  ✓ POST commits  <unidentified record> (HTTP 201)

=== decisions (1 record) ===
  ✓ POST decisions  DEC-331 (HTTP 201)

=== references (1 record) ===
  ✓ POST references  DEC-331 decided_in CNV-018 (HTTP 201)

=== resolves_planning_items (5 records) ===
  ✓ POST resolves_planning_items  → PI-076 (HTTP 201)
  ✓ POST resolves_planning_items  → PI-077 (HTTP 201)
  ✓ POST resolves_planning_items  → PI-078 (HTTP 201)
  ✓ POST resolves_planning_items  → PI-079 (HTTP 201)
  ✓ POST resolves_planning_items  → PI-082 (HTTP 201)

=== addresses_planning_items (2 records) ===
  ✓ POST addresses_planning_items  → PI-081 (HTTP 201)
  ✓ POST addresses_planning_items  → PI-083 (HTTP 201)

✓ All 18 operations complete.

✓ Recorded apply as deposit_event DEP-108 (HTTP 201).
