=== Applying close-out payload ===
Source: ../PRDs/product/crmbuilder-v2/close-out-payloads/ses_136.json
Label:  SES-136 / CNV-038 close-out — PRJ-015 kickoff + first usability improvement (references rendered as an enriched sortable/filterable grid). Creates and resolves PI-113. Records three decisions (amend the unapplied 0030 migration in place; server-side reference enrichment; references-as-grid layout + columns) and two commits already on main (8421345d migration fix + PRJ-015 creation; 544a40f references grid). Belongs to Project PRJ-015.
Deposit event: DEP-131

Close-out payload validation: 0 error(s), 6 warning(s).
  [WARN]  identifier_heads: SES-136 is at-or-below the live head (SES head's next free slot is SES-137). This is expected for an idempotent re-apply (the record already exists); a genuine collision is caught by the API's 409 on apply.
  [WARN]  identifier_heads: CNV-038 is at-or-below the live head (CNV head's next free slot is CNV-039). This is expected for an idempotent re-apply (the record already exists); a genuine collision is caught by the API's 409 on apply.
  [WARN]  identifier_heads: DEC-353 is at-or-below the live head (DEC head's next free slot is DEC-356). This is expected for an idempotent re-apply (the record already exists); a genuine collision is caught by the API's 409 on apply.
  [WARN]  identifier_heads: DEC-354 is at-or-below the live head (DEC head's next free slot is DEC-356). This is expected for an idempotent re-apply (the record already exists); a genuine collision is caught by the API's 409 on apply.
  [WARN]  identifier_heads: DEC-355 is at-or-below the live head (DEC head's next free slot is DEC-356). This is expected for an idempotent re-apply (the record already exists); a genuine collision is caught by the API's 409 on apply.
  [WARN]  identifier_heads: PI-113 is at-or-below the live head (PI head's next free slot is PI-114). This is expected for an idempotent re-apply (the record already exists); a genuine collision is caught by the API's 409 on apply.

=== conversation (1 record) ===
  · POST conversation  CNV-038 already present (HTTP 409) — skipping

=== session (1 record) ===
  · POST session  <unidentified record> already present (HTTP 409) — skipping

=== planning_items (1 record) ===
  · POST planning_items  PI-113 already present (HTTP 409) — skipping

=== commits (2 records) ===
  · POST commits  <unidentified record> already present (HTTP 409) — skipping
  ✓ POST commits  <unidentified record> (HTTP 201)

=== decisions (3 records) ===
  · POST decisions  DEC-353 already present (HTTP 409) — skipping
  · POST decisions  DEC-354 already present (HTTP 409) — skipping
  · POST decisions  DEC-355 already present (HTTP 409) — skipping

=== references (5 records) ===
  · POST references  CNV-038 conversation_belongs_to_project PRJ-015 already present (HTTP 409) — skipping
  · POST references  DEC-353 decided_in CNV-038 already present (HTTP 409) — skipping
  · POST references  DEC-354 decided_in CNV-038 already present (HTTP 409) — skipping
  · POST references  DEC-355 decided_in CNV-038 already present (HTTP 409) — skipping
  · POST references  SES-136 session_follows_from SES-135 already present (HTTP 409) — skipping

=== resolves_planning_items (1 record) ===
  · POST resolves_planning_items  → PI-113 already present (HTTP 409) — skipping

✓ All 14 operations complete.

✓ Recorded apply as deposit_event DEP-131 (HTTP 201).
