=== Applying close-out payload ===
Source: ../PRDs/product/crmbuilder-v2/close-out-payloads/ses_156.json
Label:  PI-gamma build-closure — identity/auth/RBAC + PI-beta follow-ons (PRJ-019)
Deposit event: DEP-151

=== conversation (1 record) ===
  ✓ POST conversation  CNV-058 (HTTP 201)

=== session (1 record) ===
  ✓ POST session  <unidentified record> (HTTP 201)

=== commits (11 records) ===
  ✓ POST commits  <unidentified record> (HTTP 201)
  ✓ POST commits  <unidentified record> (HTTP 201)
  ✓ POST commits  <unidentified record> (HTTP 201)
  ✓ POST commits  <unidentified record> (HTTP 201)
  ✓ POST commits  <unidentified record> (HTTP 201)
  ✓ POST commits  <unidentified record> (HTTP 201)
  ✓ POST commits  <unidentified record> (HTTP 201)
  ✓ POST commits  <unidentified record> (HTTP 201)
  ✓ POST commits  <unidentified record> (HTTP 201)
  ✓ POST commits  <unidentified record> (HTTP 201)
  ✓ POST commits  <unidentified record> (HTTP 201)

=== decisions (1 record) ===
  ✓ POST decisions  DEC-379 (HTTP 201)

=== references (3 records) ===
  ✓ POST references  CNV-058 conversation_belongs_to_project PRJ-019 (HTTP 201)
  ✓ POST references  SES-156 session_follows_from SES-155 (HTTP 201)
  ✓ POST references  DEC-379 decided_in CNV-058 (HTTP 201)

=== resolves_planning_items (1 record) ===
  ✓ POST resolves_planning_items  → PI-127 (HTTP 201)

✓ All 18 operations complete.

✓ Recorded apply as deposit_event DEP-151 (HTTP 201).
